<?xml version="1.0" encoding="UTF-8"?>
<!-- Generated by org.testng.reporters.JUnitReportReporter -->
<testsuite hostname="LAPTOP-R2DHQ9S1" failures="0" tests="1" name="bd.com.Batch12.MyFirstTest" time="22.400" errors="0" timestamp="2022-10-19T18:01:22 BDT" skipped="0">
  <testcase classname="bd.com.Batch12.MyFirstTest" name="myFirstTest" time="22.400"/>
  <system-out/>
</testsuite> <!-- bd.com.Batch12.MyFirstTest -->
