<?xml version="1.0" encoding="UTF-8"?>
<!-- Generated by org.testng.reporters.JUnitReportReporter -->
<testsuite hostname="LAPTOP-R2DHQ9S1" failures="0" tests="1" name="locator_learning.MyFirstLocatorTest" time="21.975" errors="0" timestamp="2022-10-24T11:00:21 BDT" skipped="0">
  <testcase classname="locator_learning.MyFirstLocatorTest" name="myFirstTest" time="21.975"/>
  <system-out/>
</testsuite> <!-- locator_learning.MyFirstLocatorTest -->
